<?xml version="1.0" encoding="UTF-8"?>
<testsuite name="org.bsipin.TupleDescTest" tests="1" skipped="0" failures="0" errors="0" timestamp="2024-10-06T02:21:47" hostname="Brians-MBP" time="0.016">
  <properties/>
  <testcase name="testCombine()" classname="org.bsipin.TupleDescTest" time="0.016"/>
  <system-out><![CDATA[]]></system-out>
  <system-err><![CDATA[]]></system-err>
</testsuite>
